{"name":"hexo","hostname":"inspiron","pid":4228,"level":20,"msg":"Hexo version: \u001b[35m3.2.2\u001b[39m","time":"2017-03-14T15:06:18.818Z","v":0}
{"name":"hexo","hostname":"inspiron","pid":4228,"level":20,"msg":"Working directory: \u001b[35mD:\\project\\hexo-blog\\\u001b[39m","time":"2017-03-14T15:06:18.839Z","v":0}
{"name":"hexo","hostname":"inspiron","pid":4228,"level":20,"msg":"Config loaded: \u001b[35mD:\\project\\hexo-blog\\_config.yml\u001b[39m","time":"2017-03-14T15:06:19.589Z","v":0}
{"name":"hexo","hostname":"inspiron","pid":4228,"level":20,"msg":"Script loaded: \u001b[35mthemes\\next\\scripts\\fancybox.js\u001b[39m","time":"2017-03-14T15:06:19.633Z","v":0}
{"name":"hexo","hostname":"inspiron","pid":4228,"level":20,"msg":"Plugin loaded: \u001b[35mhexo-generator-archive\u001b[39m","time":"2017-03-14T15:06:19.647Z","v":0}
{"name":"hexo","hostname":"inspiron","pid":4228,"level":20,"msg":"Plugin loaded: \u001b[35mhexo-generator-index\u001b[39m","time":"2017-03-14T15:06:19.658Z","v":0}
{"name":"hexo","hostname":"inspiron","pid":4228,"level":20,"msg":"Plugin loaded: \u001b[35mhexo-generator-tag\u001b[39m","time":"2017-03-14T15:06:19.669Z","v":0}
{"name":"hexo","hostname":"inspiron","pid":4228,"level":20,"msg":"Plugin loaded: \u001b[35mhexo-renderer-ejs\u001b[39m","time":"2017-03-14T15:06:19.694Z","v":0}
{"name":"hexo","hostname":"inspiron","pid":4228,"level":20,"msg":"Plugin loaded: \u001b[35mhexo-renderer-marked\u001b[39m","time":"2017-03-14T15:06:19.722Z","v":0}
{"name":"hexo","hostname":"inspiron","pid":4228,"level":20,"msg":"Plugin loaded: \u001b[35mhexo-deployer-git\u001b[39m","time":"2017-03-14T15:06:19.740Z","v":0}
{"name":"hexo","hostname":"inspiron","pid":4228,"level":20,"msg":"Plugin loaded: \u001b[35mhexo-generator-category\u001b[39m","time":"2017-03-14T15:06:19.754Z","v":0}
{"name":"hexo","hostname":"inspiron","pid":4228,"level":20,"msg":"Plugin loaded: \u001b[35mhexo-renderer-stylus\u001b[39m","time":"2017-03-14T15:06:19.769Z","v":0}
{"name":"hexo","hostname":"inspiron","pid":4228,"level":20,"msg":"Plugin loaded: \u001b[35mhexo-server\u001b[39m","time":"2017-03-14T15:06:20.112Z","v":0}
{"name":"hexo","hostname":"inspiron","pid":4228,"level":20,"msg":"Loading database.","time":"2017-03-14T15:06:20.161Z","v":0}
{"name":"hexo","hostname":"inspiron","pid":4228,"level":30,"msg":"Start processing","time":"2017-03-14T15:06:20.355Z","v":0}
{"name":"hexo","hostname":"inspiron","pid":4228,"level":20,"msg":"Processed: \u001b[35m_posts/hello-world.md\u001b[39m","time":"2017-03-14T15:06:20.589Z","v":0}
{"name":"hexo","hostname":"inspiron","pid":4228,"level":20,"msg":"Theme config loaded.","time":"2017-03-14T15:06:20.682Z","v":0}
{"name":"hexo","hostname":"inspiron","pid":4228,"level":20,"msg":"Processed: \u001b[35m_config.yml\u001b[39m","time":"2017-03-14T15:06:20.685Z","v":0}
{"name":"hexo","hostname":"inspiron","pid":4228,"level":20,"msg":"Processed: \u001b[35msource/css/style.styl\u001b[39m","time":"2017-03-14T15:06:20.721Z","v":0}
{"name":"hexo","hostname":"inspiron","pid":4228,"level":20,"msg":"Processed: \u001b[35msource/js/script.js\u001b[39m","time":"2017-03-14T15:06:20.724Z","v":0}
{"name":"hexo","hostname":"inspiron","pid":4228,"level":20,"msg":"Processed: \u001b[35msource/fancybox/blank.gif\u001b[39m","time":"2017-03-14T15:06:20.727Z","v":0}
{"name":"hexo","hostname":"inspiron","pid":4228,"level":20,"msg":"Processed: \u001b[35msource/fancybox/fancybox_sprite@2x.png\u001b[39m","time":"2017-03-14T15:06:20.729Z","v":0}
{"name":"hexo","hostname":"inspiron","pid":4228,"level":20,"msg":"Processed: \u001b[35msource/fancybox/fancybox_overlay.png\u001b[39m","time":"2017-03-14T15:06:20.732Z","v":0}
{"name":"hexo","hostname":"inspiron","pid":4228,"level":20,"msg":"Processed: \u001b[35msource/fancybox/fancybox_loading.gif\u001b[39m","time":"2017-03-14T15:06:20.734Z","v":0}
{"name":"hexo","hostname":"inspiron","pid":4228,"level":20,"msg":"Processed: \u001b[35msource/fancybox/fancybox_loading@2x.gif\u001b[39m","time":"2017-03-14T15:06:20.737Z","v":0}
{"name":"hexo","hostname":"inspiron","pid":4228,"level":20,"msg":"Processed: \u001b[35msource/fancybox/fancybox_sprite.png\u001b[39m","time":"2017-03-14T15:06:20.743Z","v":0}
{"name":"hexo","hostname":"inspiron","pid":4228,"level":20,"msg":"Processed: \u001b[35msource/fancybox/jquery.fancybox.css\u001b[39m","time":"2017-03-14T15:06:20.749Z","v":0}
{"name":"hexo","hostname":"inspiron","pid":4228,"level":20,"msg":"Processed: \u001b[35msource/fancybox/jquery.fancybox.js\u001b[39m","time":"2017-03-14T15:06:20.755Z","v":0}
{"name":"hexo","hostname":"inspiron","pid":4228,"level":20,"msg":"Processed: \u001b[35msource/fancybox/jquery.fancybox.pack.js\u001b[39m","time":"2017-03-14T15:06:20.759Z","v":0}
{"name":"hexo","hostname":"inspiron","pid":4228,"level":20,"msg":"Processed: \u001b[35mlayout/index.ejs\u001b[39m","time":"2017-03-14T15:06:20.804Z","v":0}
{"name":"hexo","hostname":"inspiron","pid":4228,"level":20,"msg":"Processed: \u001b[35mlayout/category.ejs\u001b[39m","time":"2017-03-14T15:06:20.816Z","v":0}
{"name":"hexo","hostname":"inspiron","pid":4228,"level":20,"msg":"Processed: \u001b[35mlayout/layout.ejs\u001b[39m","time":"2017-03-14T15:06:20.818Z","v":0}
{"name":"hexo","hostname":"inspiron","pid":4228,"level":20,"msg":"Processed: \u001b[35mlayout/page.ejs\u001b[39m","time":"2017-03-14T15:06:20.821Z","v":0}
{"name":"hexo","hostname":"inspiron","pid":4228,"level":20,"msg":"Processed: \u001b[35mlayout/tag.ejs\u001b[39m","time":"2017-03-14T15:06:20.831Z","v":0}
{"name":"hexo","hostname":"inspiron","pid":4228,"level":20,"msg":"Processed: \u001b[35mlayout/archive.ejs\u001b[39m","time":"2017-03-14T15:06:20.834Z","v":0}
{"name":"hexo","hostname":"inspiron","pid":4228,"level":20,"msg":"Processed: \u001b[35mlayout/post.ejs\u001b[39m","time":"2017-03-14T15:06:20.836Z","v":0}
{"name":"hexo","hostname":"inspiron","pid":4228,"level":20,"msg":"Processed: \u001b[35mlanguages/fr.yml\u001b[39m","time":"2017-03-14T15:06:20.843Z","v":0}
{"name":"hexo","hostname":"inspiron","pid":4228,"level":20,"msg":"Processed: \u001b[35mlanguages/default.yml\u001b[39m","time":"2017-03-14T15:06:20.844Z","v":0}
{"name":"hexo","hostname":"inspiron","pid":4228,"level":20,"msg":"Processed: \u001b[35mlanguages/nl.yml\u001b[39m","time":"2017-03-14T15:06:20.848Z","v":0}
{"name":"hexo","hostname":"inspiron","pid":4228,"level":20,"msg":"Processed: \u001b[35mlanguages/ru.yml\u001b[39m","time":"2017-03-14T15:06:20.850Z","v":0}
{"name":"hexo","hostname":"inspiron","pid":4228,"level":20,"msg":"Processed: \u001b[35mlanguages/no.yml\u001b[39m","time":"2017-03-14T15:06:20.852Z","v":0}
{"name":"hexo","hostname":"inspiron","pid":4228,"level":20,"msg":"Processed: \u001b[35mlanguages/zh-CN.yml\u001b[39m","time":"2017-03-14T15:06:20.854Z","v":0}
{"name":"hexo","hostname":"inspiron","pid":4228,"level":20,"msg":"Processed: \u001b[35mlanguages/zh-TW.yml\u001b[39m","time":"2017-03-14T15:06:20.855Z","v":0}
{"name":"hexo","hostname":"inspiron","pid":4228,"level":20,"msg":"Processed: \u001b[35msource/css/fonts/FontAwesome.otf\u001b[39m","time":"2017-03-14T15:06:20.886Z","v":0}
{"name":"hexo","hostname":"inspiron","pid":4228,"level":20,"msg":"Processed: \u001b[35msource/css/fonts/fontawesome-webfont.eot\u001b[39m","time":"2017-03-14T15:06:20.889Z","v":0}
{"name":"hexo","hostname":"inspiron","pid":4228,"level":20,"msg":"Processed: \u001b[35msource/fancybox/helpers/fancybox_buttons.png\u001b[39m","time":"2017-03-14T15:06:20.895Z","v":0}
{"name":"hexo","hostname":"inspiron","pid":4228,"level":20,"msg":"Processed: \u001b[35msource/css/fonts/fontawesome-webfont.woff\u001b[39m","time":"2017-03-14T15:06:20.899Z","v":0}
{"name":"hexo","hostname":"inspiron","pid":4228,"level":20,"msg":"Processed: \u001b[35msource/fancybox/helpers/jquery.fancybox-buttons.js\u001b[39m","time":"2017-03-14T15:06:20.902Z","v":0}
{"name":"hexo","hostname":"inspiron","pid":4228,"level":20,"msg":"Processed: \u001b[35msource/fancybox/helpers/jquery.fancybox-buttons.css\u001b[39m","time":"2017-03-14T15:06:20.905Z","v":0}
{"name":"hexo","hostname":"inspiron","pid":4228,"level":20,"msg":"Processed: \u001b[35msource/fancybox/helpers/jquery.fancybox-media.js\u001b[39m","time":"2017-03-14T15:06:20.913Z","v":0}
{"name":"hexo","hostname":"inspiron","pid":4228,"level":20,"msg":"Processed: \u001b[35msource/fancybox/helpers/jquery.fancybox-thumbs.js\u001b[39m","time":"2017-03-14T15:06:20.916Z","v":0}
{"name":"hexo","hostname":"inspiron","pid":4228,"level":20,"msg":"Processed: \u001b[35msource/fancybox/helpers/jquery.fancybox-thumbs.css\u001b[39m","time":"2017-03-14T15:06:20.918Z","v":0}
{"name":"hexo","hostname":"inspiron","pid":4228,"level":20,"msg":"Processed: \u001b[35mlayout/_partial/after-footer.ejs\u001b[39m","time":"2017-03-14T15:06:20.947Z","v":0}
{"name":"hexo","hostname":"inspiron","pid":4228,"level":20,"msg":"Processed: \u001b[35mlayout/_partial/article.ejs\u001b[39m","time":"2017-03-14T15:06:20.953Z","v":0}
{"name":"hexo","hostname":"inspiron","pid":4228,"level":20,"msg":"Processed: \u001b[35mlayout/_partial/archive.ejs\u001b[39m","time":"2017-03-14T15:06:20.954Z","v":0}
{"name":"hexo","hostname":"inspiron","pid":4228,"level":20,"msg":"Processed: \u001b[35mlayout/_partial/footer.ejs\u001b[39m","time":"2017-03-14T15:06:20.955Z","v":0}
{"name":"hexo","hostname":"inspiron","pid":4228,"level":20,"msg":"Processed: \u001b[35mlayout/_partial/archive-post.ejs\u001b[39m","time":"2017-03-14T15:06:20.957Z","v":0}
{"name":"hexo","hostname":"inspiron","pid":4228,"level":20,"msg":"Processed: \u001b[35mlayout/_partial/head.ejs\u001b[39m","time":"2017-03-14T15:06:20.960Z","v":0}
{"name":"hexo","hostname":"inspiron","pid":4228,"level":20,"msg":"Processed: \u001b[35mlayout/_partial/mobile-nav.ejs\u001b[39m","time":"2017-03-14T15:06:20.962Z","v":0}
{"name":"hexo","hostname":"inspiron","pid":4228,"level":20,"msg":"Processed: \u001b[35mlayout/_partial/header.ejs\u001b[39m","time":"2017-03-14T15:06:20.964Z","v":0}
{"name":"hexo","hostname":"inspiron","pid":4228,"level":20,"msg":"Processed: \u001b[35mlayout/_widget/archive.ejs\u001b[39m","time":"2017-03-14T15:06:20.966Z","v":0}
{"name":"hexo","hostname":"inspiron","pid":4228,"level":20,"msg":"Processed: \u001b[35mlayout/_widget/recent_posts.ejs\u001b[39m","time":"2017-03-14T15:06:20.971Z","v":0}
{"name":"hexo","hostname":"inspiron","pid":4228,"level":20,"msg":"Processed: \u001b[35mlayout/_partial/sidebar.ejs\u001b[39m","time":"2017-03-14T15:06:20.972Z","v":0}
{"name":"hexo","hostname":"inspiron","pid":4228,"level":20,"msg":"Processed: \u001b[35mlayout/_widget/tag.ejs\u001b[39m","time":"2017-03-14T15:06:20.975Z","v":0}
{"name":"hexo","hostname":"inspiron","pid":4228,"level":20,"msg":"Processed: \u001b[35mlayout/_widget/category.ejs\u001b[39m","time":"2017-03-14T15:06:20.978Z","v":0}
{"name":"hexo","hostname":"inspiron","pid":4228,"level":20,"msg":"Processed: \u001b[35mlayout/_widget/tagcloud.ejs\u001b[39m","time":"2017-03-14T15:06:20.980Z","v":0}
{"name":"hexo","hostname":"inspiron","pid":4228,"level":20,"msg":"Processed: \u001b[35mlayout/_partial/google-analytics.ejs\u001b[39m","time":"2017-03-14T15:06:20.981Z","v":0}
{"name":"hexo","hostname":"inspiron","pid":4228,"level":20,"msg":"Processed: \u001b[35msource/css/fonts/fontawesome-webfont.ttf\u001b[39m","time":"2017-03-14T15:06:20.984Z","v":0}
{"name":"hexo","hostname":"inspiron","pid":4228,"level":20,"msg":"Processed: \u001b[35mlayout/_partial/post/gallery.ejs\u001b[39m","time":"2017-03-14T15:06:20.992Z","v":0}
{"name":"hexo","hostname":"inspiron","pid":4228,"level":20,"msg":"Processed: \u001b[35mlayout/_partial/post/date.ejs\u001b[39m","time":"2017-03-14T15:06:20.998Z","v":0}
{"name":"hexo","hostname":"inspiron","pid":4228,"level":20,"msg":"Processed: \u001b[35mlayout/_partial/post/nav.ejs\u001b[39m","time":"2017-03-14T15:06:21.000Z","v":0}
{"name":"hexo","hostname":"inspiron","pid":4228,"level":20,"msg":"Processed: \u001b[35mlayout/_partial/post/title.ejs\u001b[39m","time":"2017-03-14T15:06:21.001Z","v":0}
{"name":"hexo","hostname":"inspiron","pid":4228,"level":20,"msg":"Processed: \u001b[35mlayout/_partial/post/tag.ejs\u001b[39m","time":"2017-03-14T15:06:21.003Z","v":0}
{"name":"hexo","hostname":"inspiron","pid":4228,"level":20,"msg":"Processed: \u001b[35mlayout/_partial/post/category.ejs\u001b[39m","time":"2017-03-14T15:06:21.004Z","v":0}
{"name":"hexo","hostname":"inspiron","pid":4228,"level":20,"msg":"Processed: \u001b[35msource/css/fonts/fontawesome-webfont.svg\u001b[39m","time":"2017-03-14T15:06:21.006Z","v":0}
{"name":"hexo","hostname":"inspiron","pid":4228,"level":20,"msg":"Processed: \u001b[35msource/css/images/banner.jpg\u001b[39m","time":"2017-03-14T15:06:21.010Z","v":0}
{"name":"hexo","hostname":"inspiron","pid":4228,"level":20,"msg":"Generator: \u001b[35mpage\u001b[39m","time":"2017-03-14T15:06:21.150Z","v":0}
{"name":"hexo","hostname":"inspiron","pid":4228,"level":20,"msg":"Generator: \u001b[35mpost\u001b[39m","time":"2017-03-14T15:06:21.152Z","v":0}
{"name":"hexo","hostname":"inspiron","pid":4228,"level":20,"msg":"Generator: \u001b[35marchive\u001b[39m","time":"2017-03-14T15:06:21.153Z","v":0}
{"name":"hexo","hostname":"inspiron","pid":4228,"level":20,"msg":"Generator: \u001b[35mindex\u001b[39m","time":"2017-03-14T15:06:21.155Z","v":0}
{"name":"hexo","hostname":"inspiron","pid":4228,"level":20,"msg":"Generator: \u001b[35mtag\u001b[39m","time":"2017-03-14T15:06:21.158Z","v":0}
{"name":"hexo","hostname":"inspiron","pid":4228,"level":20,"msg":"Generator: \u001b[35mcategory\u001b[39m","time":"2017-03-14T15:06:21.160Z","v":0}
{"name":"hexo","hostname":"inspiron","pid":4228,"level":20,"msg":"Generator: \u001b[35masset\u001b[39m","time":"2017-03-14T15:06:21.166Z","v":0}
{"name":"hexo","hostname":"inspiron","pid":4228,"level":30,"msg":"Hexo is running at \u001b[4mhttp://localhost:5000/\u001b[24m. Press Ctrl+C to stop.","time":"2017-03-14T15:06:21.197Z","v":0}
{"name":"hexo","hostname":"inspiron","pid":4228,"level":20,"msg":"Database saved","time":"2017-03-14T15:06:21.220Z","v":0}
{"name":"hexo","hostname":"inspiron","pid":4228,"level":20,"msg":"Rendering index: \u001b[35mindex.html\u001b[39m","time":"2017-03-14T15:06:24.818Z","v":0}
{"name":"hexo","hostname":"inspiron","pid":4228,"level":20,"msg":"Rendering index: \u001b[35mindex.html\u001b[39m","time":"2017-03-14T15:06:32.289Z","v":0}
{"name":"hexo","hostname":"inspiron","pid":4228,"level":20,"msg":"Rendering index: \u001b[35mindex.html\u001b[39m","time":"2017-03-14T15:07:00.749Z","v":0}
{"name":"hexo","hostname":"inspiron","pid":4228,"level":20,"msg":"Rendering index: \u001b[35mindex.html\u001b[39m","time":"2017-03-14T15:07:02.926Z","v":0}
{"name":"hexo","hostname":"inspiron","pid":4228,"level":20,"msg":"Rendering index: \u001b[35mindex.html\u001b[39m","time":"2017-03-14T15:08:04.757Z","v":0}
{"name":"hexo","hostname":"inspiron","pid":4228,"level":20,"msg":"Rendering index: \u001b[35mindex.html\u001b[39m","time":"2017-03-14T15:08:06.917Z","v":0}
{"name":"hexo","hostname":"inspiron","pid":4228,"level":20,"msg":"Rendering archive: \u001b[35marchives/index.html\u001b[39m","time":"2017-03-14T15:08:08.729Z","v":0}
{"name":"hexo","hostname":"inspiron","pid":4228,"level":20,"msg":"Rendering archive: \u001b[35marchives/index.html\u001b[39m","time":"2017-03-14T15:08:34.174Z","v":0}
{"name":"hexo","hostname":"inspiron","pid":4228,"level":30,"msg":"Catch you later","time":"2017-03-14T15:08:49.404Z","v":0}
{"name":"hexo","hostname":"inspiron","pid":4228,"level":20,"msg":"Database saved","time":"2017-03-14T15:08:49.464Z","v":0}
{"name":"hexo","hostname":"inspiron","pid":7948,"level":20,"msg":"Hexo version: \u001b[35m3.2.2\u001b[39m","time":"2017-03-14T15:09:10.009Z","v":0}
{"name":"hexo","hostname":"inspiron","pid":7948,"level":20,"msg":"Working directory: \u001b[35mD:\\project\\hexo-blog\\\u001b[39m","time":"2017-03-14T15:09:10.020Z","v":0}
{"name":"hexo","hostname":"inspiron","pid":7948,"level":20,"msg":"Config loaded: \u001b[35mD:\\project\\hexo-blog\\_config.yml\u001b[39m","time":"2017-03-14T15:09:10.601Z","v":0}
{"name":"hexo","hostname":"inspiron","pid":7948,"level":20,"msg":"Script loaded: \u001b[35mthemes\\next\\scripts\\fancybox.js\u001b[39m","time":"2017-03-14T15:09:10.651Z","v":0}
{"name":"hexo","hostname":"inspiron","pid":7948,"level":20,"msg":"Plugin loaded: \u001b[35mhexo-generator-category\u001b[39m","time":"2017-03-14T15:09:10.667Z","v":0}
{"name":"hexo","hostname":"inspiron","pid":7948,"level":20,"msg":"Plugin loaded: \u001b[35mhexo-generator-index\u001b[39m","time":"2017-03-14T15:09:10.679Z","v":0}
{"name":"hexo","hostname":"inspiron","pid":7948,"level":20,"msg":"Plugin loaded: \u001b[35mhexo-generator-archive\u001b[39m","time":"2017-03-14T15:09:10.700Z","v":0}
{"name":"hexo","hostname":"inspiron","pid":7948,"level":20,"msg":"Plugin loaded: \u001b[35mhexo-deployer-git\u001b[39m","time":"2017-03-14T15:09:10.722Z","v":0}
{"name":"hexo","hostname":"inspiron","pid":7948,"level":20,"msg":"Plugin loaded: \u001b[35mhexo-renderer-ejs\u001b[39m","time":"2017-03-14T15:09:10.747Z","v":0}
{"name":"hexo","hostname":"inspiron","pid":7948,"level":20,"msg":"Plugin loaded: \u001b[35mhexo-renderer-marked\u001b[39m","time":"2017-03-14T15:09:10.782Z","v":0}
{"name":"hexo","hostname":"inspiron","pid":7948,"level":20,"msg":"Plugin loaded: \u001b[35mhexo-server\u001b[39m","time":"2017-03-14T15:09:11.132Z","v":0}
{"name":"hexo","hostname":"inspiron","pid":7948,"level":20,"msg":"Plugin loaded: \u001b[35mhexo-renderer-stylus\u001b[39m","time":"2017-03-14T15:09:11.139Z","v":0}
{"name":"hexo","hostname":"inspiron","pid":7948,"level":20,"msg":"Plugin loaded: \u001b[35mhexo-generator-tag\u001b[39m","time":"2017-03-14T15:09:11.148Z","v":0}
{"name":"hexo","hostname":"inspiron","pid":7948,"level":20,"msg":"Loading database.","time":"2017-03-14T15:09:11.192Z","v":0}
{"name":"hexo","hostname":"inspiron","pid":7948,"level":30,"msg":"Start processing","time":"2017-03-14T15:09:11.358Z","v":0}
{"name":"hexo","hostname":"inspiron","pid":7948,"level":20,"msg":"Processed: \u001b[35m_posts/hello-world.md\u001b[39m","time":"2017-03-14T15:09:11.562Z","v":0}
{"name":"hexo","hostname":"inspiron","pid":7948,"level":20,"msg":"Theme config loaded.","time":"2017-03-14T15:09:11.679Z","v":0}
{"name":"hexo","hostname":"inspiron","pid":7948,"level":20,"msg":"Processed: \u001b[35m_config.yml\u001b[39m","time":"2017-03-14T15:09:11.684Z","v":0}
{"name":"hexo","hostname":"inspiron","pid":7948,"level":20,"msg":"Processed: \u001b[35msource/fancybox/blank.gif\u001b[39m","time":"2017-03-14T15:09:11.726Z","v":0}
{"name":"hexo","hostname":"inspiron","pid":7948,"level":20,"msg":"Processed: \u001b[35msource/css/style.styl\u001b[39m","time":"2017-03-14T15:09:11.729Z","v":0}
{"name":"hexo","hostname":"inspiron","pid":7948,"level":20,"msg":"Processed: \u001b[35msource/fancybox/fancybox_overlay.png\u001b[39m","time":"2017-03-14T15:09:11.732Z","v":0}
{"name":"hexo","hostname":"inspiron","pid":7948,"level":20,"msg":"Processed: \u001b[35msource/fancybox/fancybox_loading@2x.gif\u001b[39m","time":"2017-03-14T15:09:11.735Z","v":0}
{"name":"hexo","hostname":"inspiron","pid":7948,"level":20,"msg":"Processed: \u001b[35msource/fancybox/fancybox_loading.gif\u001b[39m","time":"2017-03-14T15:09:11.737Z","v":0}
{"name":"hexo","hostname":"inspiron","pid":7948,"level":20,"msg":"Processed: \u001b[35msource/fancybox/fancybox_sprite.png\u001b[39m","time":"2017-03-14T15:09:11.740Z","v":0}
{"name":"hexo","hostname":"inspiron","pid":7948,"level":20,"msg":"Processed: \u001b[35msource/fancybox/fancybox_sprite@2x.png\u001b[39m","time":"2017-03-14T15:09:11.744Z","v":0}
{"name":"hexo","hostname":"inspiron","pid":7948,"level":20,"msg":"Processed: \u001b[35msource/fancybox/jquery.fancybox.css\u001b[39m","time":"2017-03-14T15:09:11.750Z","v":0}
{"name":"hexo","hostname":"inspiron","pid":7948,"level":20,"msg":"Processed: \u001b[35msource/fancybox/jquery.fancybox.js\u001b[39m","time":"2017-03-14T15:09:11.759Z","v":0}
{"name":"hexo","hostname":"inspiron","pid":7948,"level":20,"msg":"Processed: \u001b[35msource/fancybox/jquery.fancybox.pack.js\u001b[39m","time":"2017-03-14T15:09:11.765Z","v":0}
{"name":"hexo","hostname":"inspiron","pid":7948,"level":20,"msg":"Processed: \u001b[35msource/js/script.js\u001b[39m","time":"2017-03-14T15:09:11.770Z","v":0}
{"name":"hexo","hostname":"inspiron","pid":7948,"level":20,"msg":"Processed: \u001b[35mlayout/archive.ejs\u001b[39m","time":"2017-03-14T15:09:11.826Z","v":0}
{"name":"hexo","hostname":"inspiron","pid":7948,"level":20,"msg":"Processed: \u001b[35mlayout/category.ejs\u001b[39m","time":"2017-03-14T15:09:11.834Z","v":0}
{"name":"hexo","hostname":"inspiron","pid":7948,"level":20,"msg":"Processed: \u001b[35mlayout/index.ejs\u001b[39m","time":"2017-03-14T15:09:11.838Z","v":0}
{"name":"hexo","hostname":"inspiron","pid":7948,"level":20,"msg":"Processed: \u001b[35mlayout/page.ejs\u001b[39m","time":"2017-03-14T15:09:11.840Z","v":0}
{"name":"hexo","hostname":"inspiron","pid":7948,"level":20,"msg":"Processed: \u001b[35mlayout/layout.ejs\u001b[39m","time":"2017-03-14T15:09:11.843Z","v":0}
{"name":"hexo","hostname":"inspiron","pid":7948,"level":20,"msg":"Processed: \u001b[35mlayout/post.ejs\u001b[39m","time":"2017-03-14T15:09:11.846Z","v":0}
{"name":"hexo","hostname":"inspiron","pid":7948,"level":20,"msg":"Processed: \u001b[35mlayout/tag.ejs\u001b[39m","time":"2017-03-14T15:09:11.849Z","v":0}
{"name":"hexo","hostname":"inspiron","pid":7948,"level":20,"msg":"Processed: \u001b[35mlanguages/default.yml\u001b[39m","time":"2017-03-14T15:09:11.861Z","v":0}
{"name":"hexo","hostname":"inspiron","pid":7948,"level":20,"msg":"Processed: \u001b[35mlanguages/no.yml\u001b[39m","time":"2017-03-14T15:09:11.865Z","v":0}
{"name":"hexo","hostname":"inspiron","pid":7948,"level":20,"msg":"Processed: \u001b[35mlanguages/nl.yml\u001b[39m","time":"2017-03-14T15:09:11.868Z","v":0}
{"name":"hexo","hostname":"inspiron","pid":7948,"level":20,"msg":"Processed: \u001b[35mlanguages/fr.yml\u001b[39m","time":"2017-03-14T15:09:11.871Z","v":0}
{"name":"hexo","hostname":"inspiron","pid":7948,"level":20,"msg":"Processed: \u001b[35mlanguages/zh-TW.yml\u001b[39m","time":"2017-03-14T15:09:11.874Z","v":0}
{"name":"hexo","hostname":"inspiron","pid":7948,"level":20,"msg":"Processed: \u001b[35mlanguages/ru.yml\u001b[39m","time":"2017-03-14T15:09:11.877Z","v":0}
{"name":"hexo","hostname":"inspiron","pid":7948,"level":20,"msg":"Processed: \u001b[35mlanguages/zh-CN.yml\u001b[39m","time":"2017-03-14T15:09:11.879Z","v":0}
{"name":"hexo","hostname":"inspiron","pid":7948,"level":20,"msg":"Processed: \u001b[35msource/css/fonts/fontawesome-webfont.eot\u001b[39m","time":"2017-03-14T15:09:11.920Z","v":0}
{"name":"hexo","hostname":"inspiron","pid":7948,"level":20,"msg":"Processed: \u001b[35msource/css/fonts/fontawesome-webfont.woff\u001b[39m","time":"2017-03-14T15:09:11.922Z","v":0}
{"name":"hexo","hostname":"inspiron","pid":7948,"level":20,"msg":"Processed: \u001b[35msource/css/fonts/FontAwesome.otf\u001b[39m","time":"2017-03-14T15:09:11.925Z","v":0}
{"name":"hexo","hostname":"inspiron","pid":7948,"level":20,"msg":"Processed: \u001b[35msource/fancybox/helpers/jquery.fancybox-buttons.css\u001b[39m","time":"2017-03-14T15:09:11.930Z","v":0}
{"name":"hexo","hostname":"inspiron","pid":7948,"level":20,"msg":"Processed: \u001b[35msource/fancybox/helpers/fancybox_buttons.png\u001b[39m","time":"2017-03-14T15:09:11.934Z","v":0}
{"name":"hexo","hostname":"inspiron","pid":7948,"level":20,"msg":"Processed: \u001b[35msource/fancybox/helpers/jquery.fancybox-media.js\u001b[39m","time":"2017-03-14T15:09:11.938Z","v":0}
{"name":"hexo","hostname":"inspiron","pid":7948,"level":20,"msg":"Processed: \u001b[35msource/fancybox/helpers/jquery.fancybox-buttons.js\u001b[39m","time":"2017-03-14T15:09:11.942Z","v":0}
{"name":"hexo","hostname":"inspiron","pid":7948,"level":20,"msg":"Processed: \u001b[35msource/fancybox/helpers/jquery.fancybox-thumbs.css\u001b[39m","time":"2017-03-14T15:09:11.945Z","v":0}
{"name":"hexo","hostname":"inspiron","pid":7948,"level":20,"msg":"Processed: \u001b[35msource/fancybox/helpers/jquery.fancybox-thumbs.js\u001b[39m","time":"2017-03-14T15:09:11.948Z","v":0}
{"name":"hexo","hostname":"inspiron","pid":7948,"level":20,"msg":"Processed: \u001b[35mlayout/_partial/after-footer.ejs\u001b[39m","time":"2017-03-14T15:09:11.989Z","v":0}
{"name":"hexo","hostname":"inspiron","pid":7948,"level":20,"msg":"Processed: \u001b[35mlayout/_partial/archive-post.ejs\u001b[39m","time":"2017-03-14T15:09:11.992Z","v":0}
{"name":"hexo","hostname":"inspiron","pid":7948,"level":20,"msg":"Processed: \u001b[35mlayout/_partial/footer.ejs\u001b[39m","time":"2017-03-14T15:09:11.995Z","v":0}
{"name":"hexo","hostname":"inspiron","pid":7948,"level":20,"msg":"Processed: \u001b[35mlayout/_partial/archive.ejs\u001b[39m","time":"2017-03-14T15:09:11.997Z","v":0}
{"name":"hexo","hostname":"inspiron","pid":7948,"level":20,"msg":"Processed: \u001b[35mlayout/_partial/head.ejs\u001b[39m","time":"2017-03-14T15:09:11.999Z","v":0}
{"name":"hexo","hostname":"inspiron","pid":7948,"level":20,"msg":"Processed: \u001b[35mlayout/_partial/google-analytics.ejs\u001b[39m","time":"2017-03-14T15:09:12.002Z","v":0}
{"name":"hexo","hostname":"inspiron","pid":7948,"level":20,"msg":"Processed: \u001b[35mlayout/_partial/header.ejs\u001b[39m","time":"2017-03-14T15:09:12.005Z","v":0}
{"name":"hexo","hostname":"inspiron","pid":7948,"level":20,"msg":"Processed: \u001b[35mlayout/_partial/sidebar.ejs\u001b[39m","time":"2017-03-14T15:09:12.008Z","v":0}
{"name":"hexo","hostname":"inspiron","pid":7948,"level":20,"msg":"Processed: \u001b[35mlayout/_partial/article.ejs\u001b[39m","time":"2017-03-14T15:09:12.010Z","v":0}
{"name":"hexo","hostname":"inspiron","pid":7948,"level":20,"msg":"Processed: \u001b[35mlayout/_widget/archive.ejs\u001b[39m","time":"2017-03-14T15:09:12.012Z","v":0}
{"name":"hexo","hostname":"inspiron","pid":7948,"level":20,"msg":"Processed: \u001b[35mlayout/_partial/mobile-nav.ejs\u001b[39m","time":"2017-03-14T15:09:12.015Z","v":0}
{"name":"hexo","hostname":"inspiron","pid":7948,"level":20,"msg":"Processed: \u001b[35mlayout/_widget/category.ejs\u001b[39m","time":"2017-03-14T15:09:12.018Z","v":0}
{"name":"hexo","hostname":"inspiron","pid":7948,"level":20,"msg":"Processed: \u001b[35mlayout/_widget/recent_posts.ejs\u001b[39m","time":"2017-03-14T15:09:12.021Z","v":0}
{"name":"hexo","hostname":"inspiron","pid":7948,"level":20,"msg":"Processed: \u001b[35mlayout/_widget/tag.ejs\u001b[39m","time":"2017-03-14T15:09:12.025Z","v":0}
{"name":"hexo","hostname":"inspiron","pid":7948,"level":20,"msg":"Processed: \u001b[35mlayout/_widget/tagcloud.ejs\u001b[39m","time":"2017-03-14T15:09:12.030Z","v":0}
{"name":"hexo","hostname":"inspiron","pid":7948,"level":20,"msg":"Processed: \u001b[35msource/css/fonts/fontawesome-webfont.ttf\u001b[39m","time":"2017-03-14T15:09:12.035Z","v":0}
{"name":"hexo","hostname":"inspiron","pid":7948,"level":20,"msg":"Processed: \u001b[35mlayout/_partial/post/date.ejs\u001b[39m","time":"2017-03-14T15:09:12.047Z","v":0}
{"name":"hexo","hostname":"inspiron","pid":7948,"level":20,"msg":"Processed: \u001b[35msource/css/fonts/fontawesome-webfont.svg\u001b[39m","time":"2017-03-14T15:09:12.056Z","v":0}
{"name":"hexo","hostname":"inspiron","pid":7948,"level":20,"msg":"Processed: \u001b[35mlayout/_partial/post/gallery.ejs\u001b[39m","time":"2017-03-14T15:09:12.072Z","v":0}
{"name":"hexo","hostname":"inspiron","pid":7948,"level":20,"msg":"Processed: \u001b[35mlayout/_partial/post/nav.ejs\u001b[39m","time":"2017-03-14T15:09:12.080Z","v":0}
{"name":"hexo","hostname":"inspiron","pid":7948,"level":20,"msg":"Processed: \u001b[35mlayout/_partial/post/title.ejs\u001b[39m","time":"2017-03-14T15:09:12.083Z","v":0}
{"name":"hexo","hostname":"inspiron","pid":7948,"level":20,"msg":"Processed: \u001b[35mlayout/_partial/post/category.ejs\u001b[39m","time":"2017-03-14T15:09:12.085Z","v":0}
{"name":"hexo","hostname":"inspiron","pid":7948,"level":20,"msg":"Processed: \u001b[35mlayout/_partial/post/tag.ejs\u001b[39m","time":"2017-03-14T15:09:12.090Z","v":0}
{"name":"hexo","hostname":"inspiron","pid":7948,"level":20,"msg":"Processed: \u001b[35msource/css/images/banner.jpg\u001b[39m","time":"2017-03-14T15:09:12.094Z","v":0}
{"name":"hexo","hostname":"inspiron","pid":7948,"level":20,"msg":"Generator: \u001b[35mpage\u001b[39m","time":"2017-03-14T15:09:12.277Z","v":0}
{"name":"hexo","hostname":"inspiron","pid":7948,"level":20,"msg":"Generator: \u001b[35mpost\u001b[39m","time":"2017-03-14T15:09:12.279Z","v":0}
{"name":"hexo","hostname":"inspiron","pid":7948,"level":20,"msg":"Generator: \u001b[35mcategory\u001b[39m","time":"2017-03-14T15:09:12.281Z","v":0}
{"name":"hexo","hostname":"inspiron","pid":7948,"level":20,"msg":"Generator: \u001b[35mindex\u001b[39m","time":"2017-03-14T15:09:12.283Z","v":0}
{"name":"hexo","hostname":"inspiron","pid":7948,"level":20,"msg":"Generator: \u001b[35marchive\u001b[39m","time":"2017-03-14T15:09:12.285Z","v":0}
{"name":"hexo","hostname":"inspiron","pid":7948,"level":20,"msg":"Generator: \u001b[35mtag\u001b[39m","time":"2017-03-14T15:09:12.287Z","v":0}
{"name":"hexo","hostname":"inspiron","pid":7948,"level":20,"msg":"Generator: \u001b[35masset\u001b[39m","time":"2017-03-14T15:09:12.291Z","v":0}
{"name":"hexo","hostname":"inspiron","pid":7948,"level":30,"msg":"Hexo is running at \u001b[4mhttp://localhost:5000/\u001b[24m. Press Ctrl+C to stop.","time":"2017-03-14T15:09:12.315Z","v":0}
{"name":"hexo","hostname":"inspiron","pid":7948,"level":20,"msg":"Database saved","time":"2017-03-14T15:09:12.345Z","v":0}
{"name":"hexo","hostname":"inspiron","pid":7948,"level":20,"msg":"Rendering archive: \u001b[35marchives/index.html\u001b[39m","time":"2017-03-14T15:09:13.886Z","v":0}
{"name":"hexo","hostname":"inspiron","pid":7948,"level":20,"msg":"Rendering index: \u001b[35mindex.html\u001b[39m","time":"2017-03-14T15:09:18.776Z","v":0}
{"name":"hexo","hostname":"inspiron","pid":7948,"level":20,"msg":"Processed: \u001b[35m_config.yml\u001b[39m","time":"2017-03-14T15:10:13.073Z","v":0}
{"name":"hexo","hostname":"inspiron","pid":7948,"level":20,"msg":"Processed: \u001b[35mlanguages/default.yml\u001b[39m","time":"2017-03-14T15:10:13.076Z","v":0}
{"name":"hexo","hostname":"inspiron","pid":7948,"level":20,"msg":"Processed: \u001b[35mlanguages/fr.yml\u001b[39m","time":"2017-03-14T15:10:13.078Z","v":0}
{"name":"hexo","hostname":"inspiron","pid":7948,"level":20,"msg":"Processed: \u001b[35mlanguages/nl.yml\u001b[39m","time":"2017-03-14T15:10:13.083Z","v":0}
{"name":"hexo","hostname":"inspiron","pid":7948,"level":20,"msg":"Processed: \u001b[35mlanguages/no.yml\u001b[39m","time":"2017-03-14T15:10:13.086Z","v":0}
{"name":"hexo","hostname":"inspiron","pid":7948,"level":20,"msg":"Processed: \u001b[35mlanguages/ru.yml\u001b[39m","time":"2017-03-14T15:10:13.089Z","v":0}
{"name":"hexo","hostname":"inspiron","pid":7948,"level":20,"msg":"Processed: \u001b[35mlanguages/zh-CN.yml\u001b[39m","time":"2017-03-14T15:10:13.093Z","v":0}
{"name":"hexo","hostname":"inspiron","pid":7948,"level":20,"msg":"Processed: \u001b[35mlanguages/zh-TW.yml\u001b[39m","time":"2017-03-14T15:10:13.096Z","v":0}
{"name":"hexo","hostname":"inspiron","pid":7948,"level":20,"msg":"Processed: \u001b[35mlayout/archive.ejs\u001b[39m","time":"2017-03-14T15:10:13.098Z","v":0}
{"name":"hexo","hostname":"inspiron","pid":7948,"level":20,"msg":"Processed: \u001b[35mlayout/category.ejs\u001b[39m","time":"2017-03-14T15:10:13.100Z","v":0}
{"name":"hexo","hostname":"inspiron","pid":7948,"level":20,"msg":"Processed: \u001b[35mlayout/index.ejs\u001b[39m","time":"2017-03-14T15:10:13.103Z","v":0}
{"name":"hexo","hostname":"inspiron","pid":7948,"level":20,"msg":"Processed: \u001b[35mlayout/layout.ejs\u001b[39m","time":"2017-03-14T15:10:13.105Z","v":0}
{"name":"hexo","hostname":"inspiron","pid":7948,"level":20,"msg":"Processed: \u001b[35mlayout/page.ejs\u001b[39m","time":"2017-03-14T15:10:13.109Z","v":0}
{"name":"hexo","hostname":"inspiron","pid":7948,"level":20,"msg":"Processed: \u001b[35mlayout/post.ejs\u001b[39m","time":"2017-03-14T15:10:13.112Z","v":0}
{"name":"hexo","hostname":"inspiron","pid":7948,"level":20,"msg":"Processed: \u001b[35mlayout/tag.ejs\u001b[39m","time":"2017-03-14T15:10:13.115Z","v":0}
{"name":"hexo","hostname":"inspiron","pid":7948,"level":20,"msg":"Processed: \u001b[35mlayout/_partial/after-footer.ejs\u001b[39m","time":"2017-03-14T15:10:13.117Z","v":0}
{"name":"hexo","hostname":"inspiron","pid":7948,"level":20,"msg":"Processed: \u001b[35mlayout/_partial/archive-post.ejs\u001b[39m","time":"2017-03-14T15:10:13.120Z","v":0}
{"name":"hexo","hostname":"inspiron","pid":7948,"level":20,"msg":"Processed: \u001b[35mlayout/_partial/archive.ejs\u001b[39m","time":"2017-03-14T15:10:13.123Z","v":0}
{"name":"hexo","hostname":"inspiron","pid":7948,"level":20,"msg":"Processed: \u001b[35mlayout/_partial/article.ejs\u001b[39m","time":"2017-03-14T15:10:13.125Z","v":0}
{"name":"hexo","hostname":"inspiron","pid":7948,"level":20,"msg":"Processed: \u001b[35mlayout/_partial/footer.ejs\u001b[39m","time":"2017-03-14T15:10:13.128Z","v":0}
{"name":"hexo","hostname":"inspiron","pid":7948,"level":20,"msg":"Processed: \u001b[35mlayout/_partial/head.ejs\u001b[39m","time":"2017-03-14T15:10:13.131Z","v":0}
{"name":"hexo","hostname":"inspiron","pid":7948,"level":20,"msg":"Processed: \u001b[35mlayout/_partial/google-analytics.ejs\u001b[39m","time":"2017-03-14T15:10:13.133Z","v":0}
{"name":"hexo","hostname":"inspiron","pid":7948,"level":20,"msg":"Processed: \u001b[35mlayout/_partial/header.ejs\u001b[39m","time":"2017-03-14T15:10:13.136Z","v":0}
{"name":"hexo","hostname":"inspiron","pid":7948,"level":20,"msg":"Processed: \u001b[35mlayout/_partial/mobile-nav.ejs\u001b[39m","time":"2017-03-14T15:10:13.144Z","v":0}
{"name":"hexo","hostname":"inspiron","pid":7948,"level":20,"msg":"Processed: \u001b[35mlayout/_partial/sidebar.ejs\u001b[39m","time":"2017-03-14T15:10:13.149Z","v":0}
{"name":"hexo","hostname":"inspiron","pid":7948,"level":20,"msg":"Processed: \u001b[35mlayout/_partial/post/category.ejs\u001b[39m","time":"2017-03-14T15:10:13.151Z","v":0}
{"name":"hexo","hostname":"inspiron","pid":7948,"level":20,"msg":"Processed: \u001b[35mlayout/_partial/post/date.ejs\u001b[39m","time":"2017-03-14T15:10:13.154Z","v":0}
{"name":"hexo","hostname":"inspiron","pid":7948,"level":20,"msg":"Processed: \u001b[35mlayout/_partial/post/gallery.ejs\u001b[39m","time":"2017-03-14T15:10:13.157Z","v":0}
{"name":"hexo","hostname":"inspiron","pid":7948,"level":20,"msg":"Processed: \u001b[35mlayout/_partial/post/nav.ejs\u001b[39m","time":"2017-03-14T15:10:13.161Z","v":0}
{"name":"hexo","hostname":"inspiron","pid":7948,"level":20,"msg":"Processed: \u001b[35mlayout/_partial/post/tag.ejs\u001b[39m","time":"2017-03-14T15:10:13.163Z","v":0}
{"name":"hexo","hostname":"inspiron","pid":7948,"level":20,"msg":"Processed: \u001b[35mlayout/_partial/post/title.ejs\u001b[39m","time":"2017-03-14T15:10:13.166Z","v":0}
{"name":"hexo","hostname":"inspiron","pid":7948,"level":20,"msg":"Processed: \u001b[35mlayout/_widget/archive.ejs\u001b[39m","time":"2017-03-14T15:10:13.169Z","v":0}
{"name":"hexo","hostname":"inspiron","pid":7948,"level":20,"msg":"Generator: \u001b[35mpage\u001b[39m","time":"2017-03-14T15:10:13.287Z","v":0}
{"name":"hexo","hostname":"inspiron","pid":7948,"level":20,"msg":"Generator: \u001b[35mpost\u001b[39m","time":"2017-03-14T15:10:13.289Z","v":0}
{"name":"hexo","hostname":"inspiron","pid":7948,"level":20,"msg":"Generator: \u001b[35mcategory\u001b[39m","time":"2017-03-14T15:10:13.291Z","v":0}
{"name":"hexo","hostname":"inspiron","pid":7948,"level":20,"msg":"Generator: \u001b[35mindex\u001b[39m","time":"2017-03-14T15:10:13.293Z","v":0}
{"name":"hexo","hostname":"inspiron","pid":7948,"level":20,"msg":"Generator: \u001b[35marchive\u001b[39m","time":"2017-03-14T15:10:13.295Z","v":0}
{"name":"hexo","hostname":"inspiron","pid":7948,"level":20,"msg":"Generator: \u001b[35mtag\u001b[39m","time":"2017-03-14T15:10:13.297Z","v":0}
{"name":"hexo","hostname":"inspiron","pid":7948,"level":20,"msg":"Processed: \u001b[35mlayout/_widget/category.ejs\u001b[39m","time":"2017-03-14T15:10:13.320Z","v":0}
{"name":"hexo","hostname":"inspiron","pid":7948,"level":20,"msg":"Processed: \u001b[35mlayout/_widget/recent_posts.ejs\u001b[39m","time":"2017-03-14T15:10:13.323Z","v":0}
{"name":"hexo","hostname":"inspiron","pid":7948,"level":20,"msg":"Processed: \u001b[35mlayout/_widget/tag.ejs\u001b[39m","time":"2017-03-14T15:10:13.327Z","v":0}
{"name":"hexo","hostname":"inspiron","pid":7948,"level":20,"msg":"Processed: \u001b[35mlayout/_widget/tagcloud.ejs\u001b[39m","time":"2017-03-14T15:10:13.331Z","v":0}
{"name":"hexo","hostname":"inspiron","pid":7948,"level":20,"msg":"Processed: \u001b[35msource/css/style.styl\u001b[39m","time":"2017-03-14T15:10:13.335Z","v":0}
{"name":"hexo","hostname":"inspiron","pid":7948,"level":20,"msg":"Processed: \u001b[35msource/css/fonts/fontawesome-webfont.eot\u001b[39m","time":"2017-03-14T15:10:13.339Z","v":0}
{"name":"hexo","hostname":"inspiron","pid":7948,"level":20,"msg":"Processed: \u001b[35msource/css/images/banner.jpg\u001b[39m","time":"2017-03-14T15:10:13.342Z","v":0}
{"name":"hexo","hostname":"inspiron","pid":7948,"level":20,"msg":"Processed: \u001b[35msource/fancybox/blank.gif\u001b[39m","time":"2017-03-14T15:10:13.345Z","v":0}
{"name":"hexo","hostname":"inspiron","pid":7948,"level":20,"msg":"Processed: \u001b[35msource/fancybox/fancybox_loading.gif\u001b[39m","time":"2017-03-14T15:10:13.347Z","v":0}
{"name":"hexo","hostname":"inspiron","pid":7948,"level":20,"msg":"Processed: \u001b[35msource/fancybox/fancybox_loading@2x.gif\u001b[39m","time":"2017-03-14T15:10:13.352Z","v":0}
{"name":"hexo","hostname":"inspiron","pid":7948,"level":20,"msg":"Processed: \u001b[35msource/fancybox/fancybox_sprite.png\u001b[39m","time":"2017-03-14T15:10:13.354Z","v":0}
{"name":"hexo","hostname":"inspiron","pid":7948,"level":20,"msg":"Processed: \u001b[35msource/fancybox/fancybox_overlay.png\u001b[39m","time":"2017-03-14T15:10:13.358Z","v":0}
{"name":"hexo","hostname":"inspiron","pid":7948,"level":20,"msg":"Processed: \u001b[35msource/fancybox/fancybox_sprite@2x.png\u001b[39m","time":"2017-03-14T15:10:13.362Z","v":0}
{"name":"hexo","hostname":"inspiron","pid":7948,"level":20,"msg":"Processed: \u001b[35msource/fancybox/jquery.fancybox.css\u001b[39m","time":"2017-03-14T15:10:13.364Z","v":0}
{"name":"hexo","hostname":"inspiron","pid":7948,"level":20,"msg":"Processed: \u001b[35msource/fancybox/jquery.fancybox.js\u001b[39m","time":"2017-03-14T15:10:13.367Z","v":0}
{"name":"hexo","hostname":"inspiron","pid":7948,"level":20,"msg":"Processed: \u001b[35msource/fancybox/jquery.fancybox.pack.js\u001b[39m","time":"2017-03-14T15:10:13.369Z","v":0}
{"name":"hexo","hostname":"inspiron","pid":7948,"level":20,"msg":"Processed: \u001b[35msource/fancybox/helpers/fancybox_buttons.png\u001b[39m","time":"2017-03-14T15:10:13.372Z","v":0}
{"name":"hexo","hostname":"inspiron","pid":7948,"level":20,"msg":"Processed: \u001b[35msource/css/fonts/fontawesome-webfont.ttf\u001b[39m","time":"2017-03-14T15:10:13.375Z","v":0}
{"name":"hexo","hostname":"inspiron","pid":7948,"level":20,"msg":"Processed: \u001b[35msource/css/fonts/fontawesome-webfont.svg\u001b[39m","time":"2017-03-14T15:10:13.377Z","v":0}
{"name":"hexo","hostname":"inspiron","pid":7948,"level":20,"msg":"Processed: \u001b[35msource/css/fonts/fontawesome-webfont.woff\u001b[39m","time":"2017-03-14T15:10:13.379Z","v":0}
{"name":"hexo","hostname":"inspiron","pid":7948,"level":20,"msg":"Processed: \u001b[35msource/css/fonts/FontAwesome.otf\u001b[39m","time":"2017-03-14T15:10:13.381Z","v":0}
{"name":"hexo","hostname":"inspiron","pid":7948,"level":20,"msg":"Processed: \u001b[35msource/js/script.js\u001b[39m","time":"2017-03-14T15:10:13.382Z","v":0}
{"name":"hexo","hostname":"inspiron","pid":7948,"level":20,"msg":"Processed: \u001b[35msource/fancybox/helpers/jquery.fancybox-buttons.css\u001b[39m","time":"2017-03-14T15:10:13.385Z","v":0}
{"name":"hexo","hostname":"inspiron","pid":7948,"level":20,"msg":"Processed: \u001b[35msource/fancybox/helpers/jquery.fancybox-buttons.js\u001b[39m","time":"2017-03-14T15:10:13.387Z","v":0}
{"name":"hexo","hostname":"inspiron","pid":7948,"level":20,"msg":"Processed: \u001b[35msource/fancybox/helpers/jquery.fancybox-media.js\u001b[39m","time":"2017-03-14T15:10:13.389Z","v":0}
{"name":"hexo","hostname":"inspiron","pid":7948,"level":20,"msg":"Processed: \u001b[35msource/fancybox/helpers/jquery.fancybox-thumbs.js\u001b[39m","time":"2017-03-14T15:10:13.391Z","v":0}
{"name":"hexo","hostname":"inspiron","pid":7948,"level":20,"msg":"Processed: \u001b[35msource/fancybox/helpers/jquery.fancybox-thumbs.css\u001b[39m","time":"2017-03-14T15:10:13.394Z","v":0}
{"name":"hexo","hostname":"inspiron","pid":7948,"level":20,"msg":"Generator: \u001b[35mpage\u001b[39m","time":"2017-03-14T15:10:13.498Z","v":0}
{"name":"hexo","hostname":"inspiron","pid":7948,"level":20,"msg":"Generator: \u001b[35mpost\u001b[39m","time":"2017-03-14T15:10:13.500Z","v":0}
{"name":"hexo","hostname":"inspiron","pid":7948,"level":20,"msg":"Generator: \u001b[35mcategory\u001b[39m","time":"2017-03-14T15:10:13.503Z","v":0}
{"name":"hexo","hostname":"inspiron","pid":7948,"level":20,"msg":"Generator: \u001b[35mindex\u001b[39m","time":"2017-03-14T15:10:13.505Z","v":0}
{"name":"hexo","hostname":"inspiron","pid":7948,"level":20,"msg":"Generator: \u001b[35marchive\u001b[39m","time":"2017-03-14T15:10:13.508Z","v":0}
{"name":"hexo","hostname":"inspiron","pid":7948,"level":20,"msg":"Generator: \u001b[35mtag\u001b[39m","time":"2017-03-14T15:10:13.509Z","v":0}
{"name":"hexo","hostname":"inspiron","pid":7948,"level":20,"msg":"Generator: \u001b[35masset\u001b[39m","time":"2017-03-14T15:10:13.511Z","v":0}
{"name":"hexo","hostname":"inspiron","pid":7948,"level":30,"msg":"Farewell","time":"2017-03-14T15:10:22.122Z","v":0}
{"name":"hexo","hostname":"inspiron","pid":7128,"level":20,"msg":"Hexo version: \u001b[35m3.2.2\u001b[39m","time":"2017-03-14T15:11:25.106Z","v":0}
{"name":"hexo","hostname":"inspiron","pid":7128,"level":20,"msg":"Working directory: \u001b[35mD:\\project\\hexo-blog\\\u001b[39m","time":"2017-03-14T15:11:25.114Z","v":0}
{"name":"hexo","hostname":"inspiron","pid":7128,"level":20,"msg":"Config loaded: \u001b[35mD:\\project\\hexo-blog\\_config.yml\u001b[39m","time":"2017-03-14T15:11:25.745Z","v":0}
{"name":"hexo","hostname":"inspiron","pid":7128,"level":20,"msg":"Plugin loaded: \u001b[35mhexo-deployer-git\u001b[39m","time":"2017-03-14T15:11:25.839Z","v":0}
{"name":"hexo","hostname":"inspiron","pid":7128,"level":20,"msg":"Plugin loaded: \u001b[35mhexo-generator-index\u001b[39m","time":"2017-03-14T15:11:25.866Z","v":0}
{"name":"hexo","hostname":"inspiron","pid":7128,"level":20,"msg":"Plugin loaded: \u001b[35mhexo-generator-tag\u001b[39m","time":"2017-03-14T15:11:25.879Z","v":0}
{"name":"hexo","hostname":"inspiron","pid":7128,"level":20,"msg":"Plugin loaded: \u001b[35mhexo-renderer-ejs\u001b[39m","time":"2017-03-14T15:11:25.893Z","v":0}
{"name":"hexo","hostname":"inspiron","pid":7128,"level":20,"msg":"Plugin loaded: \u001b[35mhexo-renderer-marked\u001b[39m","time":"2017-03-14T15:11:25.922Z","v":0}
{"name":"hexo","hostname":"inspiron","pid":7128,"level":20,"msg":"Plugin loaded: \u001b[35mhexo-renderer-stylus\u001b[39m","time":"2017-03-14T15:11:25.969Z","v":0}
{"name":"hexo","hostname":"inspiron","pid":7128,"level":20,"msg":"Plugin loaded: \u001b[35mhexo-server\u001b[39m","time":"2017-03-14T15:11:26.337Z","v":0}
{"name":"hexo","hostname":"inspiron","pid":7128,"level":20,"msg":"Plugin loaded: \u001b[35mhexo-generator-archive\u001b[39m","time":"2017-03-14T15:11:26.348Z","v":0}
{"name":"hexo","hostname":"inspiron","pid":7128,"level":20,"msg":"Plugin loaded: \u001b[35mhexo-generator-category\u001b[39m","time":"2017-03-14T15:11:26.356Z","v":0}
{"name":"hexo","hostname":"inspiron","pid":7128,"level":20,"msg":"Script loaded: \u001b[35mthemes\\next\\scripts\\tags\\full-image.js\u001b[39m","time":"2017-03-14T15:11:26.373Z","v":0}
{"name":"hexo","hostname":"inspiron","pid":7128,"level":20,"msg":"Script loaded: \u001b[35mthemes\\next\\scripts\\tags\\center-quote.js\u001b[39m","time":"2017-03-14T15:11:26.375Z","v":0}
{"name":"hexo","hostname":"inspiron","pid":7128,"level":20,"msg":"Script loaded: \u001b[35mthemes\\next\\scripts\\merge-configs.js\u001b[39m","time":"2017-03-14T15:11:26.378Z","v":0}
{"name":"hexo","hostname":"inspiron","pid":7128,"level":20,"msg":"Script loaded: \u001b[35mthemes\\next\\scripts\\tags\\group-pictures.js\u001b[39m","time":"2017-03-14T15:11:26.402Z","v":0}
{"name":"hexo","hostname":"inspiron","pid":7128,"level":20,"msg":"Loading database.","time":"2017-03-14T15:11:26.435Z","v":0}
{"name":"hexo","hostname":"inspiron","pid":7128,"level":30,"msg":"Start processing","time":"2017-03-14T15:11:26.597Z","v":0}
{"name":"hexo","hostname":"inspiron","pid":7128,"level":20,"msg":"Processed: \u001b[35m_posts/hello-world.md\u001b[39m","time":"2017-03-14T15:11:26.919Z","v":0}
{"name":"hexo","hostname":"inspiron","pid":7128,"level":20,"msg":"Theme config loaded.","time":"2017-03-14T15:11:27.098Z","v":0}
{"name":"hexo","hostname":"inspiron","pid":7128,"level":20,"msg":"Processed: \u001b[35m_config.yml\u001b[39m","time":"2017-03-14T15:11:27.112Z","v":0}
{"name":"hexo","hostname":"inspiron","pid":7128,"level":20,"msg":"Processed: \u001b[35msource/css/main.styl\u001b[39m","time":"2017-03-14T15:11:27.118Z","v":0}
{"name":"hexo","hostname":"inspiron","pid":7128,"level":20,"msg":"Processed: \u001b[35msource/images/cc-by-nc-nd.svg\u001b[39m","time":"2017-03-14T15:11:27.120Z","v":0}
{"name":"hexo","hostname":"inspiron","pid":7128,"level":20,"msg":"Processed: \u001b[35msource/images/cc-by-nc.svg\u001b[39m","time":"2017-03-14T15:11:27.122Z","v":0}
{"name":"hexo","hostname":"inspiron","pid":7128,"level":20,"msg":"Processed: \u001b[35msource/images/cc-by-nd.svg\u001b[39m","time":"2017-03-14T15:11:27.123Z","v":0}
{"name":"hexo","hostname":"inspiron","pid":7128,"level":20,"msg":"Processed: \u001b[35msource/images/cc-by-sa.svg\u001b[39m","time":"2017-03-14T15:11:27.127Z","v":0}
{"name":"hexo","hostname":"inspiron","pid":7128,"level":20,"msg":"Processed: \u001b[35msource/images/cc-by.svg\u001b[39m","time":"2017-03-14T15:11:27.130Z","v":0}
{"name":"hexo","hostname":"inspiron","pid":7128,"level":20,"msg":"Processed: \u001b[35msource/images/cc-zero.svg\u001b[39m","time":"2017-03-14T15:11:27.144Z","v":0}
{"name":"hexo","hostname":"inspiron","pid":7128,"level":20,"msg":"Processed: \u001b[35msource/images/loading.gif\u001b[39m","time":"2017-03-14T15:11:27.150Z","v":0}
{"name":"hexo","hostname":"inspiron","pid":7128,"level":20,"msg":"Processed: \u001b[35msource/images/placeholder.gif\u001b[39m","time":"2017-03-14T15:11:27.155Z","v":0}
{"name":"hexo","hostname":"inspiron","pid":7128,"level":20,"msg":"Processed: \u001b[35msource/images/quote-l.svg\u001b[39m","time":"2017-03-14T15:11:27.165Z","v":0}
{"name":"hexo","hostname":"inspiron","pid":7128,"level":20,"msg":"Processed: \u001b[35msource/images/quote-r.svg\u001b[39m","time":"2017-03-14T15:11:27.170Z","v":0}
{"name":"hexo","hostname":"inspiron","pid":7128,"level":20,"msg":"Processed: \u001b[35msource/images/searchicon.png\u001b[39m","time":"2017-03-14T15:11:27.171Z","v":0}
{"name":"hexo","hostname":"inspiron","pid":7128,"level":20,"msg":"Processed: \u001b[35msource/images/cc-by-nc-sa.svg\u001b[39m","time":"2017-03-14T15:11:27.231Z","v":0}
{"name":"hexo","hostname":"inspiron","pid":7128,"level":20,"msg":"Processed: \u001b[35msource/images/avatar.gif\u001b[39m","time":"2017-03-14T15:11:27.241Z","v":0}
{"name":"hexo","hostname":"inspiron","pid":7128,"level":20,"msg":"Processed: \u001b[35mlayout/_layout.swig\u001b[39m","time":"2017-03-14T15:11:27.720Z","v":0}
{"name":"hexo","hostname":"inspiron","pid":7128,"level":20,"msg":"Processed: \u001b[35mlayout/archive.swig\u001b[39m","time":"2017-03-14T15:11:27.722Z","v":0}
{"name":"hexo","hostname":"inspiron","pid":7128,"level":20,"msg":"Processed: \u001b[35mlayout/category.swig\u001b[39m","time":"2017-03-14T15:11:27.723Z","v":0}
{"name":"hexo","hostname":"inspiron","pid":7128,"level":20,"msg":"Processed: \u001b[35mlayout/index.swig\u001b[39m","time":"2017-03-14T15:11:27.730Z","v":0}
{"name":"hexo","hostname":"inspiron","pid":7128,"level":20,"msg":"Processed: \u001b[35mlayout/page.swig\u001b[39m","time":"2017-03-14T15:11:27.731Z","v":0}
{"name":"hexo","hostname":"inspiron","pid":7128,"level":20,"msg":"Processed: \u001b[35mlayout/post.swig\u001b[39m","time":"2017-03-14T15:11:27.732Z","v":0}
{"name":"hexo","hostname":"inspiron","pid":7128,"level":20,"msg":"Processed: \u001b[35mlanguages/de.yml\u001b[39m","time":"2017-03-14T15:11:27.747Z","v":0}
{"name":"hexo","hostname":"inspiron","pid":7128,"level":20,"msg":"Processed: \u001b[35mlanguages/en.yml\u001b[39m","time":"2017-03-14T15:11:27.749Z","v":0}
{"name":"hexo","hostname":"inspiron","pid":7128,"level":20,"msg":"Processed: \u001b[35mlanguages/fr-FR.yml\u001b[39m","time":"2017-03-14T15:11:27.750Z","v":0}
{"name":"hexo","hostname":"inspiron","pid":7128,"level":20,"msg":"Processed: \u001b[35mlanguages/default.yml\u001b[39m","time":"2017-03-14T15:11:27.752Z","v":0}
{"name":"hexo","hostname":"inspiron","pid":7128,"level":20,"msg":"Processed: \u001b[35mlanguages/ja.yml\u001b[39m","time":"2017-03-14T15:11:27.755Z","v":0}
{"name":"hexo","hostname":"inspiron","pid":7128,"level":20,"msg":"Processed: \u001b[35mlanguages/ru.yml\u001b[39m","time":"2017-03-14T15:11:27.756Z","v":0}
{"name":"hexo","hostname":"inspiron","pid":7128,"level":20,"msg":"Processed: \u001b[35mlanguages/pt.yml\u001b[39m","time":"2017-03-14T15:11:27.760Z","v":0}
{"name":"hexo","hostname":"inspiron","pid":7128,"level":20,"msg":"Processed: \u001b[35mlanguages/id.yml\u001b[39m","time":"2017-03-14T15:11:27.762Z","v":0}
{"name":"hexo","hostname":"inspiron","pid":7128,"level":20,"msg":"Processed: \u001b[35mlanguages/zh-Hans.yml\u001b[39m","time":"2017-03-14T15:11:27.763Z","v":0}
{"name":"hexo","hostname":"inspiron","pid":7128,"level":20,"msg":"Processed: \u001b[35mlanguages/zh-hk.yml\u001b[39m","time":"2017-03-14T15:11:27.766Z","v":0}
{"name":"hexo","hostname":"inspiron","pid":7128,"level":20,"msg":"Processed: \u001b[35mlanguages/zh-tw.yml\u001b[39m","time":"2017-03-14T15:11:27.772Z","v":0}
{"name":"hexo","hostname":"inspiron","pid":7128,"level":20,"msg":"Processed: \u001b[35msource/js/src/affix.js\u001b[39m","time":"2017-03-14T15:11:27.776Z","v":0}
{"name":"hexo","hostname":"inspiron","pid":7128,"level":20,"msg":"Processed: \u001b[35msource/js/src/post-details.js\u001b[39m","time":"2017-03-14T15:11:27.779Z","v":0}
{"name":"hexo","hostname":"inspiron","pid":7128,"level":20,"msg":"Processed: \u001b[35msource/js/src/hook-duoshuo.js\u001b[39m","time":"2017-03-14T15:11:27.784Z","v":0}
{"name":"hexo","hostname":"inspiron","pid":7128,"level":20,"msg":"Processed: \u001b[35msource/js/src/scrollspy.js\u001b[39m","time":"2017-03-14T15:11:27.794Z","v":0}
{"name":"hexo","hostname":"inspiron","pid":7128,"level":20,"msg":"Processed: \u001b[35msource/js/src/motion.js\u001b[39m","time":"2017-03-14T15:11:27.797Z","v":0}
{"name":"hexo","hostname":"inspiron","pid":7128,"level":20,"msg":"Processed: \u001b[35msource/vendors/fastclick/README.md\u001b[39m","time":"2017-03-14T15:11:27.804Z","v":0}
{"name":"hexo","hostname":"inspiron","pid":7128,"level":20,"msg":"Processed: \u001b[35msource/vendors/fastclick/LICENSE\u001b[39m","time":"2017-03-14T15:11:27.807Z","v":0}
{"name":"hexo","hostname":"inspiron","pid":7128,"level":20,"msg":"Processed: \u001b[35msource/vendors/fastclick/bower.json\u001b[39m","time":"2017-03-14T15:11:27.810Z","v":0}
{"name":"hexo","hostname":"inspiron","pid":7128,"level":20,"msg":"Processed: \u001b[35msource/js/src/bootstrap.js\u001b[39m","time":"2017-03-14T15:11:27.812Z","v":0}
{"name":"hexo","hostname":"inspiron","pid":7128,"level":20,"msg":"Processed: \u001b[35mlayout/tag.swig\u001b[39m","time":"2017-03-14T15:11:27.892Z","v":0}
{"name":"hexo","hostname":"inspiron","pid":7128,"level":20,"msg":"Processed: \u001b[35msource/js/src/utils.js\u001b[39m","time":"2017-03-14T15:11:27.897Z","v":0}
{"name":"hexo","hostname":"inspiron","pid":7128,"level":20,"msg":"Processed: \u001b[35msource/vendors/font-awesome/HELP-US-OUT.txt\u001b[39m","time":"2017-03-14T15:11:27.899Z","v":0}
{"name":"hexo","hostname":"inspiron","pid":7128,"level":20,"msg":"Processed: \u001b[35msource/vendors/font-awesome/bower.json\u001b[39m","time":"2017-03-14T15:11:27.901Z","v":0}
{"name":"hexo","hostname":"inspiron","pid":7128,"level":20,"msg":"Processed: \u001b[35msource/vendors/jquery_lazyload/README.md\u001b[39m","time":"2017-03-14T15:11:27.905Z","v":0}
{"name":"hexo","hostname":"inspiron","pid":7128,"level":20,"msg":"Processed: \u001b[35msource/vendors/jquery_lazyload/bower.json\u001b[39m","time":"2017-03-14T15:11:27.906Z","v":0}
{"name":"hexo","hostname":"inspiron","pid":7128,"level":20,"msg":"Processed: \u001b[35msource/vendors/jquery_lazyload/jquery.lazyload.js\u001b[39m","time":"2017-03-14T15:11:27.908Z","v":0}
{"name":"hexo","hostname":"inspiron","pid":7128,"level":20,"msg":"Processed: \u001b[35msource/vendors/jquery_lazyload/jquery.scrollstop.js\u001b[39m","time":"2017-03-14T15:11:27.910Z","v":0}
{"name":"hexo","hostname":"inspiron","pid":7128,"level":20,"msg":"Processed: \u001b[35msource/vendors/velocity/velocity.ui.min.js\u001b[39m","time":"2017-03-14T15:11:27.912Z","v":0}
{"name":"hexo","hostname":"inspiron","pid":7128,"level":20,"msg":"Processed: \u001b[35msource/vendors/velocity/velocity.ui.js\u001b[39m","time":"2017-03-14T15:11:27.914Z","v":0}
{"name":"hexo","hostname":"inspiron","pid":7128,"level":20,"msg":"Processed: \u001b[35msource/vendors/jquery_lazyload/CONTRIBUTING.md\u001b[39m","time":"2017-03-14T15:11:27.916Z","v":0}
{"name":"hexo","hostname":"inspiron","pid":7128,"level":20,"msg":"Processed: \u001b[35msource/vendors/velocity/velocity.min.js\u001b[39m","time":"2017-03-14T15:11:27.920Z","v":0}
{"name":"hexo","hostname":"inspiron","pid":7128,"level":20,"msg":"Processed: \u001b[35msource/vendors/velocity/bower.json\u001b[39m","time":"2017-03-14T15:11:27.925Z","v":0}
{"name":"hexo","hostname":"inspiron","pid":7128,"level":20,"msg":"Processed: \u001b[35mlayout/_macro/post-collapse.swig\u001b[39m","time":"2017-03-14T15:11:28.053Z","v":0}
{"name":"hexo","hostname":"inspiron","pid":7128,"level":20,"msg":"Processed: \u001b[35mlayout/_macro/post.swig\u001b[39m","time":"2017-03-14T15:11:28.056Z","v":0}
{"name":"hexo","hostname":"inspiron","pid":7128,"level":20,"msg":"Processed: \u001b[35mlayout/_macro/reward.swig\u001b[39m","time":"2017-03-14T15:11:28.060Z","v":0}
{"name":"hexo","hostname":"inspiron","pid":7128,"level":20,"msg":"Processed: \u001b[35mlayout/_macro/sidebar.swig\u001b[39m","time":"2017-03-14T15:11:28.062Z","v":0}
{"name":"hexo","hostname":"inspiron","pid":7128,"level":20,"msg":"Processed: \u001b[35mlayout/_partials/duoshuo-hot-articles.swig\u001b[39m","time":"2017-03-14T15:11:28.064Z","v":0}
{"name":"hexo","hostname":"inspiron","pid":7128,"level":20,"msg":"Processed: \u001b[35mlayout/_partials/comments.swig\u001b[39m","time":"2017-03-14T15:11:28.066Z","v":0}
{"name":"hexo","hostname":"inspiron","pid":7128,"level":20,"msg":"Processed: \u001b[35mlayout/_partials/footer.swig\u001b[39m","time":"2017-03-14T15:11:28.070Z","v":0}
{"name":"hexo","hostname":"inspiron","pid":7128,"level":20,"msg":"Processed: \u001b[35mlayout/_partials/head.swig\u001b[39m","time":"2017-03-14T15:11:28.072Z","v":0}
{"name":"hexo","hostname":"inspiron","pid":7128,"level":20,"msg":"Processed: \u001b[35mlayout/_macro/wechat-subscriber.swig\u001b[39m","time":"2017-03-14T15:11:28.074Z","v":0}
{"name":"hexo","hostname":"inspiron","pid":7128,"level":20,"msg":"Processed: \u001b[35mlayout/_partials/header.swig\u001b[39m","time":"2017-03-14T15:11:28.075Z","v":0}
{"name":"hexo","hostname":"inspiron","pid":7128,"level":20,"msg":"Processed: \u001b[35mlayout/_partials/pagination.swig\u001b[39m","time":"2017-03-14T15:11:28.077Z","v":0}
{"name":"hexo","hostname":"inspiron","pid":7128,"level":20,"msg":"Processed: \u001b[35mlayout/_scripts/boostrap.swig\u001b[39m","time":"2017-03-14T15:11:28.078Z","v":0}
{"name":"hexo","hostname":"inspiron","pid":7128,"level":20,"msg":"Processed: \u001b[35mlayout/_partials/search.swig\u001b[39m","time":"2017-03-14T15:11:28.080Z","v":0}
{"name":"hexo","hostname":"inspiron","pid":7128,"level":20,"msg":"Processed: \u001b[35mlayout/_scripts/baidu-push.swig\u001b[39m","time":"2017-03-14T15:11:28.081Z","v":0}
{"name":"hexo","hostname":"inspiron","pid":7128,"level":20,"msg":"Processed: \u001b[35mlayout/_scripts/vendors.swig\u001b[39m","time":"2017-03-14T15:11:28.082Z","v":0}
{"name":"hexo","hostname":"inspiron","pid":7128,"level":20,"msg":"Processed: \u001b[35mlayout/_scripts/commons.swig\u001b[39m","time":"2017-03-14T15:11:28.086Z","v":0}
{"name":"hexo","hostname":"inspiron","pid":7128,"level":20,"msg":"Processed: \u001b[35msource/vendors/jquery/index.js\u001b[39m","time":"2017-03-14T15:11:28.098Z","v":0}
{"name":"hexo","hostname":"inspiron","pid":7128,"level":20,"msg":"Processed: \u001b[35msource/vendors/fancybox/source/blank.gif\u001b[39m","time":"2017-03-14T15:11:28.103Z","v":0}
{"name":"hexo","hostname":"inspiron","pid":7128,"level":20,"msg":"Processed: \u001b[35msource/vendors/fancybox/source/fancybox_loading.gif\u001b[39m","time":"2017-03-14T15:11:28.106Z","v":0}
{"name":"hexo","hostname":"inspiron","pid":7128,"level":20,"msg":"Processed: \u001b[35msource/vendors/fancybox/source/fancybox_overlay.png\u001b[39m","time":"2017-03-14T15:11:28.107Z","v":0}
{"name":"hexo","hostname":"inspiron","pid":7128,"level":20,"msg":"Processed: \u001b[35msource/vendors/fancybox/source/fancybox_loading@2x.gif\u001b[39m","time":"2017-03-14T15:11:28.109Z","v":0}
{"name":"hexo","hostname":"inspiron","pid":7128,"level":20,"msg":"Processed: \u001b[35msource/vendors/fancybox/source/fancybox_sprite.png\u001b[39m","time":"2017-03-14T15:11:28.111Z","v":0}
{"name":"hexo","hostname":"inspiron","pid":7128,"level":20,"msg":"Processed: \u001b[35msource/vendors/fancybox/source/fancybox_sprite@2x.png\u001b[39m","time":"2017-03-14T15:11:28.113Z","v":0}
{"name":"hexo","hostname":"inspiron","pid":7128,"level":20,"msg":"Processed: \u001b[35msource/vendors/fancybox/source/jquery.fancybox.js\u001b[39m","time":"2017-03-14T15:11:28.116Z","v":0}
{"name":"hexo","hostname":"inspiron","pid":7128,"level":20,"msg":"Processed: \u001b[35msource/vendors/fancybox/source/jquery.fancybox.css\u001b[39m","time":"2017-03-14T15:11:28.120Z","v":0}
{"name":"hexo","hostname":"inspiron","pid":7128,"level":20,"msg":"Processed: \u001b[35msource/vendors/fancybox/source/jquery.fancybox.pack.js\u001b[39m","time":"2017-03-14T15:11:28.122Z","v":0}
{"name":"hexo","hostname":"inspiron","pid":7128,"level":20,"msg":"Processed: \u001b[35msource/vendors/fastclick/lib/fastclick.js\u001b[39m","time":"2017-03-14T15:11:28.123Z","v":0}
{"name":"hexo","hostname":"inspiron","pid":7128,"level":20,"msg":"Processed: \u001b[35msource/vendors/fastclick/lib/fastclick.min.js\u001b[39m","time":"2017-03-14T15:11:28.125Z","v":0}
{"name":"hexo","hostname":"inspiron","pid":7128,"level":20,"msg":"Processed: \u001b[35msource/js/src/schemes/pisces.js\u001b[39m","time":"2017-03-14T15:11:28.127Z","v":0}
{"name":"hexo","hostname":"inspiron","pid":7128,"level":20,"msg":"Processed: \u001b[35mlayout/_scripts/schemes/mist.swig\u001b[39m","time":"2017-03-14T15:11:28.141Z","v":0}
{"name":"hexo","hostname":"inspiron","pid":7128,"level":20,"msg":"Processed: \u001b[35mlayout/_scripts/schemes/muse.swig\u001b[39m","time":"2017-03-14T15:11:28.144Z","v":0}
{"name":"hexo","hostname":"inspiron","pid":7128,"level":20,"msg":"Processed: \u001b[35msource/vendors/font-awesome/css/font-awesome.css\u001b[39m","time":"2017-03-14T15:11:28.148Z","v":0}
{"name":"hexo","hostname":"inspiron","pid":7128,"level":20,"msg":"Processed: \u001b[35msource/vendors/font-awesome/css/font-awesome.min.css\u001b[39m","time":"2017-03-14T15:11:28.152Z","v":0}
{"name":"hexo","hostname":"inspiron","pid":7128,"level":20,"msg":"Processed: \u001b[35msource/vendors/font-awesome/css/font-awesome.css.map\u001b[39m","time":"2017-03-14T15:11:28.155Z","v":0}
{"name":"hexo","hostname":"inspiron","pid":7128,"level":20,"msg":"Processed: \u001b[35msource/vendors/font-awesome/fonts/fontawesome-webfont.woff2\u001b[39m","time":"2017-03-14T15:11:28.157Z","v":0}
{"name":"hexo","hostname":"inspiron","pid":7128,"level":20,"msg":"Processed: \u001b[35msource/vendors/ua-parser-js/dist/ua-parser.pack.js\u001b[39m","time":"2017-03-14T15:11:28.159Z","v":0}
{"name":"hexo","hostname":"inspiron","pid":7128,"level":20,"msg":"Processed: \u001b[35msource/vendors/ua-parser-js/dist/ua-parser.min.js\u001b[39m","time":"2017-03-14T15:11:28.160Z","v":0}
{"name":"hexo","hostname":"inspiron","pid":7128,"level":20,"msg":"Processed: \u001b[35mlayout/_partials/head/external-fonts.swig\u001b[39m","time":"2017-03-14T15:11:28.208Z","v":0}
{"name":"hexo","hostname":"inspiron","pid":7128,"level":20,"msg":"Processed: \u001b[35mlayout/_partials/search/localsearch.swig\u001b[39m","time":"2017-03-14T15:11:28.210Z","v":0}
{"name":"hexo","hostname":"inspiron","pid":7128,"level":20,"msg":"Processed: \u001b[35mlayout/_partials/search/swiftype.swig\u001b[39m","time":"2017-03-14T15:11:28.211Z","v":0}
{"name":"hexo","hostname":"inspiron","pid":7128,"level":20,"msg":"Processed: \u001b[35mlayout/_partials/search/tinysou.swig\u001b[39m","time":"2017-03-14T15:11:28.212Z","v":0}
{"name":"hexo","hostname":"inspiron","pid":7128,"level":20,"msg":"Processed: \u001b[35mlayout/_partials/share/baidushare.swig\u001b[39m","time":"2017-03-14T15:11:28.213Z","v":0}
{"name":"hexo","hostname":"inspiron","pid":7128,"level":20,"msg":"Processed: \u001b[35mlayout/_partials/share/add-this.swig\u001b[39m","time":"2017-03-14T15:11:28.215Z","v":0}
{"name":"hexo","hostname":"inspiron","pid":7128,"level":20,"msg":"Processed: \u001b[35mlayout/_partials/share/duoshuo_share.swig\u001b[39m","time":"2017-03-14T15:11:28.216Z","v":0}
{"name":"hexo","hostname":"inspiron","pid":7128,"level":20,"msg":"Processed: \u001b[35mlayout/_partials/share/jiathis.swig\u001b[39m","time":"2017-03-14T15:11:28.219Z","v":0}
{"name":"hexo","hostname":"inspiron","pid":7128,"level":20,"msg":"Processed: \u001b[35mlayout/_scripts/pages/post-details.swig\u001b[39m","time":"2017-03-14T15:11:28.220Z","v":0}
{"name":"hexo","hostname":"inspiron","pid":7128,"level":20,"msg":"Processed: \u001b[35mlayout/_scripts/third-party/comments.swig\u001b[39m","time":"2017-03-14T15:11:28.223Z","v":0}
{"name":"hexo","hostname":"inspiron","pid":7128,"level":20,"msg":"Processed: \u001b[35mlayout/_scripts/third-party/mathjax.swig\u001b[39m","time":"2017-03-14T15:11:28.224Z","v":0}
{"name":"hexo","hostname":"inspiron","pid":7128,"level":20,"msg":"Processed: \u001b[35mlayout/_scripts/third-party/lean-analytics.swig\u001b[39m","time":"2017-03-14T15:11:28.226Z","v":0}
{"name":"hexo","hostname":"inspiron","pid":7128,"level":20,"msg":"Processed: \u001b[35mlayout/_scripts/third-party/localsearch.swig\u001b[39m","time":"2017-03-14T15:11:28.227Z","v":0}
{"name":"hexo","hostname":"inspiron","pid":7128,"level":20,"msg":"Processed: \u001b[35mlayout/_scripts/third-party/tinysou.swig\u001b[39m","time":"2017-03-14T15:11:28.229Z","v":0}
{"name":"hexo","hostname":"inspiron","pid":7128,"level":20,"msg":"Processed: \u001b[35mlayout/_scripts/schemes/pisces.swig\u001b[39m","time":"2017-03-14T15:11:28.230Z","v":0}
{"name":"hexo","hostname":"inspiron","pid":7128,"level":20,"msg":"Processed: \u001b[35mlayout/_scripts/third-party/analytics.swig\u001b[39m","time":"2017-03-14T15:11:28.232Z","v":0}
{"name":"hexo","hostname":"inspiron","pid":7128,"level":20,"msg":"Processed: \u001b[35msource/vendors/font-awesome/fonts/fontawesome-webfont.eot\u001b[39m","time":"2017-03-14T15:11:28.240Z","v":0}
{"name":"hexo","hostname":"inspiron","pid":7128,"level":20,"msg":"Processed: \u001b[35msource/vendors/font-awesome/fonts/fontawesome-webfont.woff\u001b[39m","time":"2017-03-14T15:11:28.242Z","v":0}
{"name":"hexo","hostname":"inspiron","pid":7128,"level":20,"msg":"Processed: \u001b[35msource/vendors/velocity/velocity.js\u001b[39m","time":"2017-03-14T15:11:28.244Z","v":0}
{"name":"hexo","hostname":"inspiron","pid":7128,"level":20,"msg":"Processed: \u001b[35msource/vendors/font-awesome/fonts/FontAwesome.otf\u001b[39m","time":"2017-03-14T15:11:28.248Z","v":0}
{"name":"hexo","hostname":"inspiron","pid":7128,"level":20,"msg":"Processed: \u001b[35msource/vendors/fancybox/source/helpers/jquery.fancybox-buttons.js\u001b[39m","time":"2017-03-14T15:11:28.250Z","v":0}
{"name":"hexo","hostname":"inspiron","pid":7128,"level":20,"msg":"Processed: \u001b[35msource/vendors/fancybox/source/helpers/jquery.fancybox-buttons.css\u001b[39m","time":"2017-03-14T15:11:28.255Z","v":0}
{"name":"hexo","hostname":"inspiron","pid":7128,"level":20,"msg":"Processed: \u001b[35msource/vendors/fancybox/source/helpers/fancybox_buttons.png\u001b[39m","time":"2017-03-14T15:11:28.258Z","v":0}
{"name":"hexo","hostname":"inspiron","pid":7128,"level":20,"msg":"Processed: \u001b[35msource/vendors/fancybox/source/helpers/jquery.fancybox-media.js\u001b[39m","time":"2017-03-14T15:11:28.260Z","v":0}
{"name":"hexo","hostname":"inspiron","pid":7128,"level":20,"msg":"Processed: \u001b[35msource/vendors/fancybox/source/helpers/jquery.fancybox-thumbs.js\u001b[39m","time":"2017-03-14T15:11:28.290Z","v":0}
{"name":"hexo","hostname":"inspiron","pid":7128,"level":20,"msg":"Processed: \u001b[35msource/vendors/fancybox/source/helpers/jquery.fancybox-thumbs.css\u001b[39m","time":"2017-03-14T15:11:28.292Z","v":0}
{"name":"hexo","hostname":"inspiron","pid":7128,"level":20,"msg":"Processed: \u001b[35msource/vendors/font-awesome/fonts/fontawesome-webfont.ttf\u001b[39m","time":"2017-03-14T15:11:28.295Z","v":0}
{"name":"hexo","hostname":"inspiron","pid":7128,"level":20,"msg":"Processed: \u001b[35mlayout/_scripts/third-party/analytics/baidu-analytics.swig\u001b[39m","time":"2017-03-14T15:11:28.312Z","v":0}
{"name":"hexo","hostname":"inspiron","pid":7128,"level":20,"msg":"Processed: \u001b[35mlayout/_scripts/third-party/analytics/facebook-sdk.swig\u001b[39m","time":"2017-03-14T15:11:28.314Z","v":0}
{"name":"hexo","hostname":"inspiron","pid":7128,"level":20,"msg":"Processed: \u001b[35mlayout/_scripts/third-party/comments/disqus.swig\u001b[39m","time":"2017-03-14T15:11:28.316Z","v":0}
{"name":"hexo","hostname":"inspiron","pid":7128,"level":20,"msg":"Processed: \u001b[35mlayout/_scripts/third-party/analytics/cnzz-analytics.swig\u001b[39m","time":"2017-03-14T15:11:28.317Z","v":0}
{"name":"hexo","hostname":"inspiron","pid":7128,"level":20,"msg":"Processed: \u001b[35mlayout/_scripts/third-party/analytics/busuanzi-counter.swig\u001b[39m","time":"2017-03-14T15:11:28.319Z","v":0}
{"name":"hexo","hostname":"inspiron","pid":7128,"level":20,"msg":"Processed: \u001b[35mlayout/_scripts/third-party/analytics/google-analytics.swig\u001b[39m","time":"2017-03-14T15:11:28.321Z","v":0}
{"name":"hexo","hostname":"inspiron","pid":7128,"level":20,"msg":"Processed: \u001b[35mlayout/_scripts/third-party/comments/duoshuo.swig\u001b[39m","time":"2017-03-14T15:11:28.322Z","v":0}
{"name":"hexo","hostname":"inspiron","pid":7128,"level":20,"msg":"Processed: \u001b[35mlayout/_scripts/third-party/analytics/tencent-analytics.swig\u001b[39m","time":"2017-03-14T15:11:28.324Z","v":0}
{"name":"hexo","hostname":"inspiron","pid":7128,"level":20,"msg":"Processed: \u001b[35msource/vendors/font-awesome/fonts/fontawesome-webfont.svg\u001b[39m","time":"2017-03-14T15:11:28.331Z","v":0}
{"name":"hexo","hostname":"inspiron","pid":7128,"level":20,"msg":"Generator: \u001b[35mpage\u001b[39m","time":"2017-03-14T15:11:28.598Z","v":0}
{"name":"hexo","hostname":"inspiron","pid":7128,"level":20,"msg":"Generator: \u001b[35mpost\u001b[39m","time":"2017-03-14T15:11:28.599Z","v":0}
{"name":"hexo","hostname":"inspiron","pid":7128,"level":20,"msg":"Generator: \u001b[35mindex\u001b[39m","time":"2017-03-14T15:11:28.601Z","v":0}
{"name":"hexo","hostname":"inspiron","pid":7128,"level":20,"msg":"Generator: \u001b[35mtag\u001b[39m","time":"2017-03-14T15:11:28.602Z","v":0}
{"name":"hexo","hostname":"inspiron","pid":7128,"level":20,"msg":"Generator: \u001b[35marchive\u001b[39m","time":"2017-03-14T15:11:28.604Z","v":0}
{"name":"hexo","hostname":"inspiron","pid":7128,"level":20,"msg":"Generator: \u001b[35mcategory\u001b[39m","time":"2017-03-14T15:11:28.606Z","v":0}
{"name":"hexo","hostname":"inspiron","pid":7128,"level":20,"msg":"Generator: \u001b[35masset\u001b[39m","time":"2017-03-14T15:11:28.609Z","v":0}
{"name":"hexo","hostname":"inspiron","pid":7128,"level":30,"msg":"Hexo is running at \u001b[4mhttp://localhost:5000/\u001b[24m. Press Ctrl+C to stop.","time":"2017-03-14T15:11:28.634Z","v":0}
{"name":"hexo","hostname":"inspiron","pid":7128,"level":20,"msg":"Database saved","time":"2017-03-14T15:11:28.682Z","v":0}
{"name":"hexo","hostname":"inspiron","pid":7128,"level":20,"msg":"Rendering index: \u001b[35mindex.html\u001b[39m","time":"2017-03-14T15:11:29.041Z","v":0}
{"name":"hexo","hostname":"inspiron","pid":7128,"level":20,"msg":"Generator: \u001b[35mpage\u001b[39m","time":"2017-03-14T15:13:06.336Z","v":0}
{"name":"hexo","hostname":"inspiron","pid":7128,"level":20,"msg":"Generator: \u001b[35mpost\u001b[39m","time":"2017-03-14T15:13:06.338Z","v":0}
{"name":"hexo","hostname":"inspiron","pid":7128,"level":20,"msg":"Generator: \u001b[35mindex\u001b[39m","time":"2017-03-14T15:13:06.340Z","v":0}
{"name":"hexo","hostname":"inspiron","pid":7128,"level":20,"msg":"Generator: \u001b[35mtag\u001b[39m","time":"2017-03-14T15:13:06.342Z","v":0}
{"name":"hexo","hostname":"inspiron","pid":7128,"level":20,"msg":"Generator: \u001b[35marchive\u001b[39m","time":"2017-03-14T15:13:06.344Z","v":0}
{"name":"hexo","hostname":"inspiron","pid":7128,"level":20,"msg":"Generator: \u001b[35mcategory\u001b[39m","time":"2017-03-14T15:13:06.346Z","v":0}
{"name":"hexo","hostname":"inspiron","pid":7128,"level":20,"msg":"Generator: \u001b[35masset\u001b[39m","time":"2017-03-14T15:13:06.354Z","v":0}
{"name":"hexo","hostname":"inspiron","pid":7128,"level":20,"msg":"Generator: \u001b[35mpage\u001b[39m","time":"2017-03-14T15:13:57.632Z","v":0}
{"name":"hexo","hostname":"inspiron","pid":7128,"level":20,"msg":"Generator: \u001b[35mpost\u001b[39m","time":"2017-03-14T15:13:57.634Z","v":0}
{"name":"hexo","hostname":"inspiron","pid":7128,"level":20,"msg":"Generator: \u001b[35mindex\u001b[39m","time":"2017-03-14T15:13:57.636Z","v":0}
{"name":"hexo","hostname":"inspiron","pid":7128,"level":20,"msg":"Generator: \u001b[35mtag\u001b[39m","time":"2017-03-14T15:13:57.638Z","v":0}
{"name":"hexo","hostname":"inspiron","pid":7128,"level":20,"msg":"Generator: \u001b[35marchive\u001b[39m","time":"2017-03-14T15:13:57.641Z","v":0}
{"name":"hexo","hostname":"inspiron","pid":7128,"level":20,"msg":"Generator: \u001b[35mcategory\u001b[39m","time":"2017-03-14T15:13:57.643Z","v":0}
{"name":"hexo","hostname":"inspiron","pid":7128,"level":20,"msg":"Generator: \u001b[35masset\u001b[39m","time":"2017-03-14T15:13:57.648Z","v":0}
{"name":"hexo","hostname":"inspiron","pid":7128,"level":20,"msg":"Generator: \u001b[35mpage\u001b[39m","time":"2017-03-14T15:13:58.060Z","v":0}
{"name":"hexo","hostname":"inspiron","pid":7128,"level":20,"msg":"Generator: \u001b[35mpost\u001b[39m","time":"2017-03-14T15:13:58.064Z","v":0}
{"name":"hexo","hostname":"inspiron","pid":7128,"level":20,"msg":"Generator: \u001b[35mindex\u001b[39m","time":"2017-03-14T15:13:58.066Z","v":0}
{"name":"hexo","hostname":"inspiron","pid":7128,"level":20,"msg":"Generator: \u001b[35mtag\u001b[39m","time":"2017-03-14T15:13:58.068Z","v":0}
{"name":"hexo","hostname":"inspiron","pid":7128,"level":20,"msg":"Generator: \u001b[35marchive\u001b[39m","time":"2017-03-14T15:13:58.071Z","v":0}
{"name":"hexo","hostname":"inspiron","pid":7128,"level":20,"msg":"Generator: \u001b[35mcategory\u001b[39m","time":"2017-03-14T15:13:58.073Z","v":0}
{"name":"hexo","hostname":"inspiron","pid":7128,"level":20,"msg":"Generator: \u001b[35masset\u001b[39m","time":"2017-03-14T15:13:58.076Z","v":0}
{"name":"hexo","hostname":"inspiron","pid":7128,"level":20,"msg":"Generator: \u001b[35mpage\u001b[39m","time":"2017-03-14T15:13:58.298Z","v":0}
{"name":"hexo","hostname":"inspiron","pid":7128,"level":20,"msg":"Generator: \u001b[35mpost\u001b[39m","time":"2017-03-14T15:13:58.300Z","v":0}
{"name":"hexo","hostname":"inspiron","pid":7128,"level":20,"msg":"Generator: \u001b[35mindex\u001b[39m","time":"2017-03-14T15:13:58.302Z","v":0}
{"name":"hexo","hostname":"inspiron","pid":7128,"level":20,"msg":"Generator: \u001b[35mtag\u001b[39m","time":"2017-03-14T15:13:58.304Z","v":0}
{"name":"hexo","hostname":"inspiron","pid":7128,"level":20,"msg":"Generator: \u001b[35marchive\u001b[39m","time":"2017-03-14T15:13:58.306Z","v":0}
{"name":"hexo","hostname":"inspiron","pid":7128,"level":20,"msg":"Generator: \u001b[35mcategory\u001b[39m","time":"2017-03-14T15:13:58.309Z","v":0}
{"name":"hexo","hostname":"inspiron","pid":7128,"level":20,"msg":"Generator: \u001b[35masset\u001b[39m","time":"2017-03-14T15:13:58.313Z","v":0}
{"name":"hexo","hostname":"inspiron","pid":7128,"level":20,"msg":"Generator: \u001b[35mpage\u001b[39m","time":"2017-03-14T15:14:10.185Z","v":0}
{"name":"hexo","hostname":"inspiron","pid":7128,"level":20,"msg":"Generator: \u001b[35mpost\u001b[39m","time":"2017-03-14T15:14:10.190Z","v":0}
{"name":"hexo","hostname":"inspiron","pid":7128,"level":20,"msg":"Generator: \u001b[35mindex\u001b[39m","time":"2017-03-14T15:14:10.193Z","v":0}
{"name":"hexo","hostname":"inspiron","pid":7128,"level":20,"msg":"Generator: \u001b[35mtag\u001b[39m","time":"2017-03-14T15:14:10.196Z","v":0}
{"name":"hexo","hostname":"inspiron","pid":7128,"level":20,"msg":"Generator: \u001b[35marchive\u001b[39m","time":"2017-03-14T15:14:10.199Z","v":0}
{"name":"hexo","hostname":"inspiron","pid":7128,"level":20,"msg":"Generator: \u001b[35mcategory\u001b[39m","time":"2017-03-14T15:14:10.204Z","v":0}
{"name":"hexo","hostname":"inspiron","pid":7128,"level":20,"msg":"Generator: \u001b[35masset\u001b[39m","time":"2017-03-14T15:14:10.210Z","v":0}
{"name":"hexo","hostname":"inspiron","pid":7128,"level":20,"msg":"Generator: \u001b[35mpage\u001b[39m","time":"2017-03-14T15:14:10.363Z","v":0}
{"name":"hexo","hostname":"inspiron","pid":7128,"level":20,"msg":"Generator: \u001b[35mpost\u001b[39m","time":"2017-03-14T15:14:10.365Z","v":0}
{"name":"hexo","hostname":"inspiron","pid":7128,"level":20,"msg":"Generator: \u001b[35mindex\u001b[39m","time":"2017-03-14T15:14:10.367Z","v":0}
{"name":"hexo","hostname":"inspiron","pid":7128,"level":20,"msg":"Generator: \u001b[35mtag\u001b[39m","time":"2017-03-14T15:14:10.370Z","v":0}
{"name":"hexo","hostname":"inspiron","pid":7128,"level":20,"msg":"Generator: \u001b[35marchive\u001b[39m","time":"2017-03-14T15:14:10.372Z","v":0}
{"name":"hexo","hostname":"inspiron","pid":7128,"level":20,"msg":"Generator: \u001b[35mcategory\u001b[39m","time":"2017-03-14T15:14:10.374Z","v":0}
{"name":"hexo","hostname":"inspiron","pid":7128,"level":20,"msg":"Generator: \u001b[35masset\u001b[39m","time":"2017-03-14T15:14:10.378Z","v":0}
{"name":"hexo","hostname":"inspiron","pid":7128,"level":20,"msg":"Generator: \u001b[35mpage\u001b[39m","time":"2017-03-14T15:14:10.564Z","v":0}
{"name":"hexo","hostname":"inspiron","pid":7128,"level":20,"msg":"Generator: \u001b[35mpost\u001b[39m","time":"2017-03-14T15:14:10.566Z","v":0}
{"name":"hexo","hostname":"inspiron","pid":7128,"level":20,"msg":"Generator: \u001b[35mindex\u001b[39m","time":"2017-03-14T15:14:10.569Z","v":0}
{"name":"hexo","hostname":"inspiron","pid":7128,"level":20,"msg":"Generator: \u001b[35mtag\u001b[39m","time":"2017-03-14T15:14:10.571Z","v":0}
{"name":"hexo","hostname":"inspiron","pid":7128,"level":20,"msg":"Generator: \u001b[35marchive\u001b[39m","time":"2017-03-14T15:14:10.573Z","v":0}
{"name":"hexo","hostname":"inspiron","pid":7128,"level":20,"msg":"Generator: \u001b[35mcategory\u001b[39m","time":"2017-03-14T15:14:10.575Z","v":0}
{"name":"hexo","hostname":"inspiron","pid":7128,"level":20,"msg":"Generator: \u001b[35masset\u001b[39m","time":"2017-03-14T15:14:10.580Z","v":0}
